   1              		.cpu cortex-a9
   2              		.eabi_attribute 28, 1
   3              		.eabi_attribute 20, 1
   4              		.eabi_attribute 21, 1
   5              		.eabi_attribute 23, 3
   6              		.eabi_attribute 24, 1
   7              		.eabi_attribute 25, 1
   8              		.eabi_attribute 26, 1
   9              		.eabi_attribute 30, 1
  10              		.eabi_attribute 34, 0
  11              		.eabi_attribute 18, 4
  12              		.file	"r_scifa_drv_api.c"
  13              		.text
  14              	.Ltext0:
  15              		.cfi_sections	.debug_frame
  16              		.section	.text.scifa_hld_get_version,"ax",%progbits
  17              		.align	2
  18              		.syntax unified
  19              		.arm
  20              		.fpu neon
  22              	scifa_hld_get_version:
  23              	.LFB6:
  24              		.file 1 "../generate/sc_drivers/r_scifa/src/hld/r_scifa_drv_api.c"
   1:../generate/sc_drivers/r_scifa/src/hld/r_scifa_drv_api.c **** /**************************************************************************************************
   2:../generate/sc_drivers/r_scifa/src/hld/r_scifa_drv_api.c ****  * DISCLAIMER
   3:../generate/sc_drivers/r_scifa/src/hld/r_scifa_drv_api.c ****  * This software is supplied by Renesas Electronics Corporation and is only
   4:../generate/sc_drivers/r_scifa/src/hld/r_scifa_drv_api.c ****  * intended for use with Renesas products. No other uses are authorized. This
   5:../generate/sc_drivers/r_scifa/src/hld/r_scifa_drv_api.c ****  * software is owned by Renesas Electronics Corporation and is protected under
   6:../generate/sc_drivers/r_scifa/src/hld/r_scifa_drv_api.c ****  * all applicable laws, including copyright laws.
   7:../generate/sc_drivers/r_scifa/src/hld/r_scifa_drv_api.c ****  * THIS SOFTWARE IS PROVIDED "AS IS" AND RENESAS MAKES NO WARRANTIES REGARDING
   8:../generate/sc_drivers/r_scifa/src/hld/r_scifa_drv_api.c ****  * THIS SOFTWARE, WHETHER EXPRESS, IMPLIED OR STATUTORY, INCLUDING BUT NOT
   9:../generate/sc_drivers/r_scifa/src/hld/r_scifa_drv_api.c ****  * LIMITED TO WARRANTIES OF MERCHANTABILITY, FITNESS FOR A PARTICULAR PURPOSE
  10:../generate/sc_drivers/r_scifa/src/hld/r_scifa_drv_api.c ****  * AND NON-INFRINGEMENT. ALL SUCH WARRANTIES ARE EXPRESSLY DISCLAIMED.
  11:../generate/sc_drivers/r_scifa/src/hld/r_scifa_drv_api.c ****  * TO THE MAXIMUM EXTENT PERMITTED NOT PROHIBITED BY LAW, NEITHER RENESAS
  12:../generate/sc_drivers/r_scifa/src/hld/r_scifa_drv_api.c ****  * ELECTRONICS CORPORATION NOR ANY OF ITS AFFILIATED COMPANIES SHALL BE LIABLE
  13:../generate/sc_drivers/r_scifa/src/hld/r_scifa_drv_api.c ****  * FOR ANY DIRECT, INDIRECT, SPECIAL, INCIDENTAL OR CONSEQUENTIAL DAMAGES FOR
  14:../generate/sc_drivers/r_scifa/src/hld/r_scifa_drv_api.c ****  * ANY REASON RELATED TO THIS SOFTWARE, EVEN IF RENESAS OR ITS AFFILIATES HAVE
  15:../generate/sc_drivers/r_scifa/src/hld/r_scifa_drv_api.c ****  * BEEN ADVISED OF THE POSSIBILITY OF SUCH DAMAGES.
  16:../generate/sc_drivers/r_scifa/src/hld/r_scifa_drv_api.c ****  * Renesas reserves the right, without notice, to make changes to this software
  17:../generate/sc_drivers/r_scifa/src/hld/r_scifa_drv_api.c ****  * and to discontinue the availability of this software. By using this software,
  18:../generate/sc_drivers/r_scifa/src/hld/r_scifa_drv_api.c ****  * you agree to the additional terms and conditions found by accessing the
  19:../generate/sc_drivers/r_scifa/src/hld/r_scifa_drv_api.c ****  * following link:
  20:../generate/sc_drivers/r_scifa/src/hld/r_scifa_drv_api.c ****  * http://www.renesas.com/disclaimer
  21:../generate/sc_drivers/r_scifa/src/hld/r_scifa_drv_api.c ****  * Copyright (C) 2019 Renesas Electronics Corporation. All rights reserved.
  22:../generate/sc_drivers/r_scifa/src/hld/r_scifa_drv_api.c ****  **************************************************************************************************
  23:../generate/sc_drivers/r_scifa/src/hld/r_scifa_drv_api.c **** /**************************************************************************************************
  24:../generate/sc_drivers/r_scifa/src/hld/r_scifa_drv_api.c ****  * File Name    : r_scifa_drv_api.c
  25:../generate/sc_drivers/r_scifa/src/hld/r_scifa_drv_api.c ****  * Description  : SCIFA High Layer Device driver
  26:../generate/sc_drivers/r_scifa/src/hld/r_scifa_drv_api.c ****  **************************************************************************************************
  27:../generate/sc_drivers/r_scifa/src/hld/r_scifa_drv_api.c **** /**************************************************************************************************
  28:../generate/sc_drivers/r_scifa/src/hld/r_scifa_drv_api.c ****  * History      : DD.MM.YYYY Version Description
  29:../generate/sc_drivers/r_scifa/src/hld/r_scifa_drv_api.c ****  *              : 15.05.2018 1.00    Release
  30:../generate/sc_drivers/r_scifa/src/hld/r_scifa_drv_api.c ****  *              : 10.05.2019 1.01    Fixed issue with channel 0 Baud rate setting
  31:../generate/sc_drivers/r_scifa/src/hld/r_scifa_drv_api.c ****  *              : 23.05.2019 1.02    Restructuring to ensure that other LLDs are only accessed from
  32:../generate/sc_drivers/r_scifa/src/hld/r_scifa_drv_api.c ****  **************************************************************************************************
  33:../generate/sc_drivers/r_scifa/src/hld/r_scifa_drv_api.c **** 
  34:../generate/sc_drivers/r_scifa/src/hld/r_scifa_drv_api.c **** /**************************************************************************************************
  35:../generate/sc_drivers/r_scifa/src/hld/r_scifa_drv_api.c ****  Includes   <System Includes> , "Project Includes"
  36:../generate/sc_drivers/r_scifa/src/hld/r_scifa_drv_api.c ****  **************************************************************************************************
  37:../generate/sc_drivers/r_scifa/src/hld/r_scifa_drv_api.c **** #include "r_devlink_wrapper.h"      /* Devlink API header */
  38:../generate/sc_drivers/r_scifa/src/hld/r_scifa_drv_api.c **** #include "r_scifa_drv_api.h"        /* SCIFA driver API header */
  39:../generate/sc_drivers/r_scifa/src/hld/r_scifa_drv_api.c **** #include "r_scifa_drv_link.h"       /* Link include to Low Layer Driver */
  40:../generate/sc_drivers/r_scifa/src/hld/r_scifa_drv_api.c **** #include "r_scifa_hld_prv.h"        /* High Layer Driver private functions */
  41:../generate/sc_drivers/r_scifa/src/hld/r_scifa_drv_api.c **** 
  42:../generate/sc_drivers/r_scifa/src/hld/r_scifa_drv_api.c **** #include "r_gpio_drv_api.h"
  43:../generate/sc_drivers/r_scifa/src/hld/r_scifa_drv_api.c **** #include "r_gpio_drv_sc_cfg.h"
  44:../generate/sc_drivers/r_scifa/src/hld/r_scifa_drv_api.c **** 
  45:../generate/sc_drivers/r_scifa/src/hld/r_scifa_drv_api.c **** #include "r_os_abstraction_api.h"
  46:../generate/sc_drivers/r_scifa/src/hld/r_scifa_drv_api.c **** 
  47:../generate/sc_drivers/r_scifa/src/hld/r_scifa_drv_api.c **** #include "driver.h"                 /* device driver header */
  48:../generate/sc_drivers/r_scifa/src/hld/r_scifa_drv_api.c **** 
  49:../generate/sc_drivers/r_scifa/src/hld/r_scifa_drv_api.c **** 
  50:../generate/sc_drivers/r_scifa/src/hld/r_scifa_drv_api.c **** /**************************************************************************************************
  51:../generate/sc_drivers/r_scifa/src/hld/r_scifa_drv_api.c ****  Macro definitions
  52:../generate/sc_drivers/r_scifa/src/hld/r_scifa_drv_api.c ****  **************************************************************************************************
  53:../generate/sc_drivers/r_scifa/src/hld/r_scifa_drv_api.c **** 
  54:../generate/sc_drivers/r_scifa/src/hld/r_scifa_drv_api.c **** /**************************************************************************************************
  55:../generate/sc_drivers/r_scifa/src/hld/r_scifa_drv_api.c ****  Function Prototypes
  56:../generate/sc_drivers/r_scifa/src/hld/r_scifa_drv_api.c ****  **************************************************************************************************
  57:../generate/sc_drivers/r_scifa/src/hld/r_scifa_drv_api.c **** /* STDIO */
  58:../generate/sc_drivers/r_scifa/src/hld/r_scifa_drv_api.c **** static int_t scifa_hld_open (st_stream_ptr_t p_stream);
  59:../generate/sc_drivers/r_scifa/src/hld/r_scifa_drv_api.c **** static void  scifa_hld_close (st_stream_ptr_t p_stream);
  60:../generate/sc_drivers/r_scifa/src/hld/r_scifa_drv_api.c **** static int_t scifa_hld_read (st_stream_ptr_t p_stream, uint8_t *p_buffer, uint32_t ui_count);
  61:../generate/sc_drivers/r_scifa/src/hld/r_scifa_drv_api.c **** static int_t scifa_hld_write (st_stream_ptr_t p_stream, const uint8_t *p_buffer, uint32_t count);
  62:../generate/sc_drivers/r_scifa/src/hld/r_scifa_drv_api.c **** static int_t scifa_hld_control (st_stream_ptr_t p_stream, uint32_t ctlCode, void *pCtlStruct);
  63:../generate/sc_drivers/r_scifa/src/hld/r_scifa_drv_api.c **** static int_t scifa_hld_get_version (st_stream_ptr_t stream_ptr, st_ver_info_t *pVerInfo);
  64:../generate/sc_drivers/r_scifa/src/hld/r_scifa_drv_api.c **** 
  65:../generate/sc_drivers/r_scifa/src/hld/r_scifa_drv_api.c **** /* file stream access */
  66:../generate/sc_drivers/r_scifa/src/hld/r_scifa_drv_api.c **** static r_sc_index_t scifa_get_config_index (st_stream_ptr_t stream_ptr);
  67:../generate/sc_drivers/r_scifa/src/hld/r_scifa_drv_api.c **** 
  68:../generate/sc_drivers/r_scifa/src/hld/r_scifa_drv_api.c **** /**************************************************************************************************
  69:../generate/sc_drivers/r_scifa/src/hld/r_scifa_drv_api.c ****  Constant Data
  70:../generate/sc_drivers/r_scifa/src/hld/r_scifa_drv_api.c ****  **************************************************************************************************
  71:../generate/sc_drivers/r_scifa/src/hld/r_scifa_drv_api.c **** 
  72:../generate/sc_drivers/r_scifa/src/hld/r_scifa_drv_api.c **** static const st_drv_info_t gs_hld_info =
  73:../generate/sc_drivers/r_scifa/src/hld/r_scifa_drv_api.c **** {
  74:../generate/sc_drivers/r_scifa/src/hld/r_scifa_drv_api.c ****     {
  75:../generate/sc_drivers/r_scifa/src/hld/r_scifa_drv_api.c ****         ((STDIO_SCIFA_RZ_HLD_VERSION_MAJOR << 16) + STDIO_SCIFA_RZ_HLD_VERSION_MINOR)
  76:../generate/sc_drivers/r_scifa/src/hld/r_scifa_drv_api.c ****     },
  77:../generate/sc_drivers/r_scifa/src/hld/r_scifa_drv_api.c ****     STDIO_SCIFA_RZ_HLD_BUILD_NUM,
  78:../generate/sc_drivers/r_scifa/src/hld/r_scifa_drv_api.c ****     STDIO_SCIFA_RZ_HLD_DRV_NAME
  79:../generate/sc_drivers/r_scifa/src/hld/r_scifa_drv_api.c **** };
  80:../generate/sc_drivers/r_scifa/src/hld/r_scifa_drv_api.c **** 
  81:../generate/sc_drivers/r_scifa/src/hld/r_scifa_drv_api.c **** /* Define the driver function table for this implementation */
  82:../generate/sc_drivers/r_scifa/src/hld/r_scifa_drv_api.c **** const st_r_driver_t g_scifa_driver =
  83:../generate/sc_drivers/r_scifa/src/hld/r_scifa_drv_api.c **** {"SCIFA Device Driver", scifa_hld_open, scifa_hld_close, scifa_hld_read, scifa_hld_write, scifa_hld
  84:../generate/sc_drivers/r_scifa/src/hld/r_scifa_drv_api.c **** 
  85:../generate/sc_drivers/r_scifa/src/hld/r_scifa_drv_api.c **** /**************************************************************************************************
  86:../generate/sc_drivers/r_scifa/src/hld/r_scifa_drv_api.c ****  Private global variables
  87:../generate/sc_drivers/r_scifa/src/hld/r_scifa_drv_api.c ****  **************************************************************************************************
  88:../generate/sc_drivers/r_scifa/src/hld/r_scifa_drv_api.c **** 
  89:../generate/sc_drivers/r_scifa/src/hld/r_scifa_drv_api.c **** /**************************************************************************************************
  90:../generate/sc_drivers/r_scifa/src/hld/r_scifa_drv_api.c ****  Private Functions
  91:../generate/sc_drivers/r_scifa/src/hld/r_scifa_drv_api.c ****  **************************************************************************************************
  92:../generate/sc_drivers/r_scifa/src/hld/r_scifa_drv_api.c **** 
  93:../generate/sc_drivers/r_scifa/src/hld/r_scifa_drv_api.c **** /**
  94:../generate/sc_drivers/r_scifa/src/hld/r_scifa_drv_api.c ****  * @brief  Opens the SCIFA device driver
  95:../generate/sc_drivers/r_scifa/src/hld/r_scifa_drv_api.c ****  * 
  96:../generate/sc_drivers/r_scifa/src/hld/r_scifa_drv_api.c ****  * This function allows for a channel to be ready for
  97:../generate/sc_drivers/r_scifa/src/hld/r_scifa_drv_api.c ****  * operational use. If a channel is unavailable or a
  98:../generate/sc_drivers/r_scifa/src/hld/r_scifa_drv_api.c ****  * channel is already opened this function will return
  99:../generate/sc_drivers/r_scifa/src/hld/r_scifa_drv_api.c ****  * a fail (-1)
 100:../generate/sc_drivers/r_scifa/src/hld/r_scifa_drv_api.c ****  *
 101:../generate/sc_drivers/r_scifa/src/hld/r_scifa_drv_api.c ****  * @param[in] p_stream Pointer to the file stream
 102:../generate/sc_drivers/r_scifa/src/hld/r_scifa_drv_api.c ****  * 
 103:../generate/sc_drivers/r_scifa/src/hld/r_scifa_drv_api.c ****  * @retval 0  DRV_SUCCESS
 104:../generate/sc_drivers/r_scifa/src/hld/r_scifa_drv_api.c ****  * @retval -1 DRV_ERROR 
 105:../generate/sc_drivers/r_scifa/src/hld/r_scifa_drv_api.c ****  **/
 106:../generate/sc_drivers/r_scifa/src/hld/r_scifa_drv_api.c **** static int_t scifa_hld_open (st_stream_ptr_t p_stream)
 107:../generate/sc_drivers/r_scifa/src/hld/r_scifa_drv_api.c **** {
 108:../generate/sc_drivers/r_scifa/src/hld/r_scifa_drv_api.c ****     int_t ret = DRV_ERROR;
 109:../generate/sc_drivers/r_scifa/src/hld/r_scifa_drv_api.c **** 
 110:../generate/sc_drivers/r_scifa/src/hld/r_scifa_drv_api.c ****     /* get the Smart Configuration index associated with the handle */
 111:../generate/sc_drivers/r_scifa/src/hld/r_scifa_drv_api.c ****     r_sc_index_t sc_config_index = scifa_get_config_index(p_stream);
 112:../generate/sc_drivers/r_scifa/src/hld/r_scifa_drv_api.c **** 
 113:../generate/sc_drivers/r_scifa/src/hld/r_scifa_drv_api.c ****     /* open using SC settings for selected channel */
 114:../generate/sc_drivers/r_scifa/src/hld/r_scifa_drv_api.c ****     ret = r_scifa_hld_prv_open(sc_config_index, p_stream->file_mode);
 115:../generate/sc_drivers/r_scifa/src/hld/r_scifa_drv_api.c **** 
 116:../generate/sc_drivers/r_scifa/src/hld/r_scifa_drv_api.c ****     /* return status */
 117:../generate/sc_drivers/r_scifa/src/hld/r_scifa_drv_api.c ****     return (ret);
 118:../generate/sc_drivers/r_scifa/src/hld/r_scifa_drv_api.c **** }
 119:../generate/sc_drivers/r_scifa/src/hld/r_scifa_drv_api.c **** /**************************************************************************************************
 120:../generate/sc_drivers/r_scifa/src/hld/r_scifa_drv_api.c ****  * End of Function scifa_hld_open
 121:../generate/sc_drivers/r_scifa/src/hld/r_scifa_drv_api.c ****  **************************************************************************************************
 122:../generate/sc_drivers/r_scifa/src/hld/r_scifa_drv_api.c **** 
 123:../generate/sc_drivers/r_scifa/src/hld/r_scifa_drv_api.c **** /**
 124:../generate/sc_drivers/r_scifa/src/hld/r_scifa_drv_api.c ****  * @brief Closes the SCIFA driver
 125:../generate/sc_drivers/r_scifa/src/hld/r_scifa_drv_api.c ****  *
 126:../generate/sc_drivers/r_scifa/src/hld/r_scifa_drv_api.c ****  * The SCIFA driver's file stream can be closed once
 127:../generate/sc_drivers/r_scifa/src/hld/r_scifa_drv_api.c ****  * the desired operation has been done, freeing any
 128:../generate/sc_drivers/r_scifa/src/hld/r_scifa_drv_api.c ****  * memory or resources it uses
 129:../generate/sc_drivers/r_scifa/src/hld/r_scifa_drv_api.c ****  * 
 130:../generate/sc_drivers/r_scifa/src/hld/r_scifa_drv_api.c ****  * @param[in] p_stream Pointer to the file stream
 131:../generate/sc_drivers/r_scifa/src/hld/r_scifa_drv_api.c ****  *
 132:../generate/sc_drivers/r_scifa/src/hld/r_scifa_drv_api.c ****  * @return None
 133:../generate/sc_drivers/r_scifa/src/hld/r_scifa_drv_api.c ****  */
 134:../generate/sc_drivers/r_scifa/src/hld/r_scifa_drv_api.c **** static void scifa_hld_close (st_stream_ptr_t p_stream)
 135:../generate/sc_drivers/r_scifa/src/hld/r_scifa_drv_api.c **** {
 136:../generate/sc_drivers/r_scifa/src/hld/r_scifa_drv_api.c ****     /* get the Smart Configuration index associated with the handle */
 137:../generate/sc_drivers/r_scifa/src/hld/r_scifa_drv_api.c ****     r_sc_index_t sc_config_index = scifa_get_config_index(p_stream);
 138:../generate/sc_drivers/r_scifa/src/hld/r_scifa_drv_api.c **** 
 139:../generate/sc_drivers/r_scifa/src/hld/r_scifa_drv_api.c ****     /* close the channel */
 140:../generate/sc_drivers/r_scifa/src/hld/r_scifa_drv_api.c ****     r_scifa_hld_prv_close(sc_config_index);
 141:../generate/sc_drivers/r_scifa/src/hld/r_scifa_drv_api.c **** }
 142:../generate/sc_drivers/r_scifa/src/hld/r_scifa_drv_api.c **** /**************************************************************************************************
 143:../generate/sc_drivers/r_scifa/src/hld/r_scifa_drv_api.c ****  * End of Function scifa_hld_close
 144:../generate/sc_drivers/r_scifa/src/hld/r_scifa_drv_api.c ****  **************************************************************************************************
 145:../generate/sc_drivers/r_scifa/src/hld/r_scifa_drv_api.c **** 
 146:../generate/sc_drivers/r_scifa/src/hld/r_scifa_drv_api.c **** /**
 147:../generate/sc_drivers/r_scifa/src/hld/r_scifa_drv_api.c ****  * @brief Translates the read operation to the private read function.
 148:../generate/sc_drivers/r_scifa/src/hld/r_scifa_drv_api.c ****  *
 149:../generate/sc_drivers/r_scifa/src/hld/r_scifa_drv_api.c ****  * The private read function requires to get the channel instead of the
 150:../generate/sc_drivers/r_scifa/src/hld/r_scifa_drv_api.c ****  * file stream and therefore some translation is required.
 151:../generate/sc_drivers/r_scifa/src/hld/r_scifa_drv_api.c ****  *
 152:../generate/sc_drivers/r_scifa/src/hld/r_scifa_drv_api.c ****  * @param[in]  p_stream The file stream that contains the desired SCIFA channel
 153:../generate/sc_drivers/r_scifa/src/hld/r_scifa_drv_api.c ****  * @param[out] p_buffer The buffer to be populated with the data read
 154:../generate/sc_drivers/r_scifa/src/hld/r_scifa_drv_api.c ****  * @param[in]  count    The size of p_buffer
 155:../generate/sc_drivers/r_scifa/src/hld/r_scifa_drv_api.c ****  *
 156:../generate/sc_drivers/r_scifa/src/hld/r_scifa_drv_api.c ****  * @retval  N Where N is the number of bytes read
 157:../generate/sc_drivers/r_scifa/src/hld/r_scifa_drv_api.c ****  * @retval -1 DRV_ERROR 
 158:../generate/sc_drivers/r_scifa/src/hld/r_scifa_drv_api.c ****  */
 159:../generate/sc_drivers/r_scifa/src/hld/r_scifa_drv_api.c **** static int_t scifa_hld_read (st_stream_ptr_t p_stream, uint8_t *p_buffer, uint32_t count)
 160:../generate/sc_drivers/r_scifa/src/hld/r_scifa_drv_api.c **** {
 161:../generate/sc_drivers/r_scifa/src/hld/r_scifa_drv_api.c ****     /* get the Smart Configuration index associated with the handle */
 162:../generate/sc_drivers/r_scifa/src/hld/r_scifa_drv_api.c ****     r_sc_index_t sc_config_index = scifa_get_config_index(p_stream);
 163:../generate/sc_drivers/r_scifa/src/hld/r_scifa_drv_api.c **** 
 164:../generate/sc_drivers/r_scifa/src/hld/r_scifa_drv_api.c ****     /* read from channel */
 165:../generate/sc_drivers/r_scifa/src/hld/r_scifa_drv_api.c ****     return (r_scifa_hld_prv_read(sc_config_index, p_buffer, (int32_t) count));
 166:../generate/sc_drivers/r_scifa/src/hld/r_scifa_drv_api.c **** }
 167:../generate/sc_drivers/r_scifa/src/hld/r_scifa_drv_api.c **** /**************************************************************************************************
 168:../generate/sc_drivers/r_scifa/src/hld/r_scifa_drv_api.c ****  * End of Function scifa_hld_read
 169:../generate/sc_drivers/r_scifa/src/hld/r_scifa_drv_api.c ****  **************************************************************************************************
 170:../generate/sc_drivers/r_scifa/src/hld/r_scifa_drv_api.c **** 
 171:../generate/sc_drivers/r_scifa/src/hld/r_scifa_drv_api.c **** /**
 172:../generate/sc_drivers/r_scifa/src/hld/r_scifa_drv_api.c ****  * @brief Translates the write operation to the private write function
 173:../generate/sc_drivers/r_scifa/src/hld/r_scifa_drv_api.c ****  *
 174:../generate/sc_drivers/r_scifa/src/hld/r_scifa_drv_api.c ****  * The private write function requires to get the channel instead of the
 175:../generate/sc_drivers/r_scifa/src/hld/r_scifa_drv_api.c ****  * file stream and therefore some translation is required
 176:../generate/sc_drivers/r_scifa/src/hld/r_scifa_drv_api.c ****  *
 177:../generate/sc_drivers/r_scifa/src/hld/r_scifa_drv_api.c ****  * @param[in] p_stream The file stream that contains the desired SCIFA channel
 178:../generate/sc_drivers/r_scifa/src/hld/r_scifa_drv_api.c ****  * @param[in] p_buffer The intended buffer of data intended to be written
 179:../generate/sc_drivers/r_scifa/src/hld/r_scifa_drv_api.c ****  * @param[in] count    The amount of data in the p_buffer
 180:../generate/sc_drivers/r_scifa/src/hld/r_scifa_drv_api.c ****  *
 181:../generate/sc_drivers/r_scifa/src/hld/r_scifa_drv_api.c ****  * @retval 0  DRV_SUCCESS
 182:../generate/sc_drivers/r_scifa/src/hld/r_scifa_drv_api.c ****  * @retval -1 DRV_ERROR 
 183:../generate/sc_drivers/r_scifa/src/hld/r_scifa_drv_api.c ****  */
 184:../generate/sc_drivers/r_scifa/src/hld/r_scifa_drv_api.c **** static int_t scifa_hld_write (st_stream_ptr_t p_stream, const uint8_t *p_buffer, uint32_t count)
 185:../generate/sc_drivers/r_scifa/src/hld/r_scifa_drv_api.c **** {
 186:../generate/sc_drivers/r_scifa/src/hld/r_scifa_drv_api.c ****     /* get the Smart Configuration index associated with the handle */
 187:../generate/sc_drivers/r_scifa/src/hld/r_scifa_drv_api.c ****     r_sc_index_t sc_config_index = scifa_get_config_index(p_stream);
 188:../generate/sc_drivers/r_scifa/src/hld/r_scifa_drv_api.c **** 
 189:../generate/sc_drivers/r_scifa/src/hld/r_scifa_drv_api.c ****     /* write to channel */
 190:../generate/sc_drivers/r_scifa/src/hld/r_scifa_drv_api.c ****     return (r_scifa_hld_prv_write(sc_config_index, p_buffer, (int32_t) count));
 191:../generate/sc_drivers/r_scifa/src/hld/r_scifa_drv_api.c **** }
 192:../generate/sc_drivers/r_scifa/src/hld/r_scifa_drv_api.c **** /**************************************************************************************************
 193:../generate/sc_drivers/r_scifa/src/hld/r_scifa_drv_api.c ****  * End of Function scifa_hld_write
 194:../generate/sc_drivers/r_scifa/src/hld/r_scifa_drv_api.c ****  **************************************************************************************************
 195:../generate/sc_drivers/r_scifa/src/hld/r_scifa_drv_api.c **** 
 196:../generate/sc_drivers/r_scifa/src/hld/r_scifa_drv_api.c **** /**
 197:../generate/sc_drivers/r_scifa/src/hld/r_scifa_drv_api.c ****  * @brief scifa_hld_control handles custom controls for the SCIFA device driver
 198:../generate/sc_drivers/r_scifa/src/hld/r_scifa_drv_api.c ****  * 
 199:../generate/sc_drivers/r_scifa/src/hld/r_scifa_drv_api.c ****  * Depending on the ctl_code given the control function will perform specific
 200:../generate/sc_drivers/r_scifa/src/hld/r_scifa_drv_api.c ****  * tasks. For the SCIFA this includes getting and setting the configuration.
 201:../generate/sc_drivers/r_scifa/src/hld/r_scifa_drv_api.c ****  * If a invalid ctl_code is given the return value will be -1 and the trace will
 202:../generate/sc_drivers/r_scifa/src/hld/r_scifa_drv_api.c ****  * print a message accordingly.
 203:../generate/sc_drivers/r_scifa/src/hld/r_scifa_drv_api.c ****  *
 204:../generate/sc_drivers/r_scifa/src/hld/r_scifa_drv_api.c ****  * @param[in] p_stream          Pointer to the file stream
 205:../generate/sc_drivers/r_scifa/src/hld/r_scifa_drv_api.c ****  * @param[in] ctl_code          The custom control code
 206:../generate/sc_drivers/r_scifa/src/hld/r_scifa_drv_api.c ****  * @param[in,out] p_ctl_struct  Pointer to the custom control structure
 207:../generate/sc_drivers/r_scifa/src/hld/r_scifa_drv_api.c ****  *
 208:../generate/sc_drivers/r_scifa/src/hld/r_scifa_drv_api.c ****  * @retval 0  DRV_SUCCESS
 209:../generate/sc_drivers/r_scifa/src/hld/r_scifa_drv_api.c ****  * @retval -1 DRV_ERROR 
 210:../generate/sc_drivers/r_scifa/src/hld/r_scifa_drv_api.c ****  */
 211:../generate/sc_drivers/r_scifa/src/hld/r_scifa_drv_api.c **** static int_t scifa_hld_control (st_stream_ptr_t p_stream, uint32_t ctl_code, void *p_ctl_struct)
 212:../generate/sc_drivers/r_scifa/src/hld/r_scifa_drv_api.c **** {
 213:../generate/sc_drivers/r_scifa/src/hld/r_scifa_drv_api.c ****     int_t ret = DRV_ERROR;
 214:../generate/sc_drivers/r_scifa/src/hld/r_scifa_drv_api.c **** 
 215:../generate/sc_drivers/r_scifa/src/hld/r_scifa_drv_api.c ****     /* get the Smart Configuration index associated with the handle */
 216:../generate/sc_drivers/r_scifa/src/hld/r_scifa_drv_api.c ****     r_sc_index_t sc_config_index = scifa_get_config_index(p_stream);
 217:../generate/sc_drivers/r_scifa/src/hld/r_scifa_drv_api.c **** 
 218:../generate/sc_drivers/r_scifa/src/hld/r_scifa_drv_api.c ****     /* if the configuration index is valid */
 219:../generate/sc_drivers/r_scifa/src/hld/r_scifa_drv_api.c ****     if (DRV_ERROR != sc_config_index)
 220:../generate/sc_drivers/r_scifa/src/hld/r_scifa_drv_api.c ****     {
 221:../generate/sc_drivers/r_scifa/src/hld/r_scifa_drv_api.c ****         switch (ctl_code)
 222:../generate/sc_drivers/r_scifa/src/hld/r_scifa_drv_api.c ****         {
 223:../generate/sc_drivers/r_scifa/src/hld/r_scifa_drv_api.c ****             case CTL_SCIFA_SET_CONFIGURATION:
 224:../generate/sc_drivers/r_scifa/src/hld/r_scifa_drv_api.c ****             {
 225:../generate/sc_drivers/r_scifa/src/hld/r_scifa_drv_api.c ****                 /* check argument is not NULL */
 226:../generate/sc_drivers/r_scifa/src/hld/r_scifa_drv_api.c ****                 if (NULL != p_ctl_struct)
 227:../generate/sc_drivers/r_scifa/src/hld/r_scifa_drv_api.c ****                 {
 228:../generate/sc_drivers/r_scifa/src/hld/r_scifa_drv_api.c ****                     ret = r_scifa_hld_prv_set_config(sc_config_index, p_ctl_struct);
 229:../generate/sc_drivers/r_scifa/src/hld/r_scifa_drv_api.c ****                 }
 230:../generate/sc_drivers/r_scifa/src/hld/r_scifa_drv_api.c ****                 break;
 231:../generate/sc_drivers/r_scifa/src/hld/r_scifa_drv_api.c ****             }
 232:../generate/sc_drivers/r_scifa/src/hld/r_scifa_drv_api.c **** 
 233:../generate/sc_drivers/r_scifa/src/hld/r_scifa_drv_api.c ****             case CTL_SCIFA_GET_CONFIGURATION:
 234:../generate/sc_drivers/r_scifa/src/hld/r_scifa_drv_api.c ****             {
 235:../generate/sc_drivers/r_scifa/src/hld/r_scifa_drv_api.c ****                 /* check argument is not NULL */
 236:../generate/sc_drivers/r_scifa/src/hld/r_scifa_drv_api.c ****                 if (NULL != p_ctl_struct)
 237:../generate/sc_drivers/r_scifa/src/hld/r_scifa_drv_api.c ****                 {
 238:../generate/sc_drivers/r_scifa/src/hld/r_scifa_drv_api.c ****                     ret = r_scifa_hld_prv_get_config(sc_config_index, p_ctl_struct);
 239:../generate/sc_drivers/r_scifa/src/hld/r_scifa_drv_api.c ****                 }
 240:../generate/sc_drivers/r_scifa/src/hld/r_scifa_drv_api.c ****                 break;
 241:../generate/sc_drivers/r_scifa/src/hld/r_scifa_drv_api.c ****             }
 242:../generate/sc_drivers/r_scifa/src/hld/r_scifa_drv_api.c **** 
 243:../generate/sc_drivers/r_scifa/src/hld/r_scifa_drv_api.c ****             case CTL_SCIFA_DMA_READ_ABORT:
 244:../generate/sc_drivers/r_scifa/src/hld/r_scifa_drv_api.c ****             {
 245:../generate/sc_drivers/r_scifa/src/hld/r_scifa_drv_api.c ****                 ret = r_scifa_hld_dma_read_abort(sc_config_index);
 246:../generate/sc_drivers/r_scifa/src/hld/r_scifa_drv_api.c ****                 break;
 247:../generate/sc_drivers/r_scifa/src/hld/r_scifa_drv_api.c ****             }
 248:../generate/sc_drivers/r_scifa/src/hld/r_scifa_drv_api.c **** 
 249:../generate/sc_drivers/r_scifa/src/hld/r_scifa_drv_api.c ****             case CTL_SCIFA_DMA_WRITE_ABORT:
 250:../generate/sc_drivers/r_scifa/src/hld/r_scifa_drv_api.c ****             {
 251:../generate/sc_drivers/r_scifa/src/hld/r_scifa_drv_api.c ****                 ret = r_scifa_hld_dma_write_abort(sc_config_index);
 252:../generate/sc_drivers/r_scifa/src/hld/r_scifa_drv_api.c ****                 break;
 253:../generate/sc_drivers/r_scifa/src/hld/r_scifa_drv_api.c ****             }
 254:../generate/sc_drivers/r_scifa/src/hld/r_scifa_drv_api.c **** 
 255:../generate/sc_drivers/r_scifa/src/hld/r_scifa_drv_api.c ****             case CTL_SCIFA_READ_NEXT:
 256:../generate/sc_drivers/r_scifa/src/hld/r_scifa_drv_api.c ****             {
 257:../generate/sc_drivers/r_scifa/src/hld/r_scifa_drv_api.c ****                 /* check argument is not NULL */
 258:../generate/sc_drivers/r_scifa/src/hld/r_scifa_drv_api.c ****                 if (NULL != p_ctl_struct)
 259:../generate/sc_drivers/r_scifa/src/hld/r_scifa_drv_api.c ****                 {
 260:../generate/sc_drivers/r_scifa/src/hld/r_scifa_drv_api.c ****                     /* Set next DMA read */
 261:../generate/sc_drivers/r_scifa/src/hld/r_scifa_drv_api.c ****                     ret = r_scifa_hld_dma_read_next(sc_config_index, (st_scifa_dma_rw_t *) p_ctl_st
 262:../generate/sc_drivers/r_scifa/src/hld/r_scifa_drv_api.c ****                 }
 263:../generate/sc_drivers/r_scifa/src/hld/r_scifa_drv_api.c ****                 break;
 264:../generate/sc_drivers/r_scifa/src/hld/r_scifa_drv_api.c ****             }
 265:../generate/sc_drivers/r_scifa/src/hld/r_scifa_drv_api.c **** 
 266:../generate/sc_drivers/r_scifa/src/hld/r_scifa_drv_api.c ****             case CTL_SCIFA_WRITE_NEXT:
 267:../generate/sc_drivers/r_scifa/src/hld/r_scifa_drv_api.c ****             {
 268:../generate/sc_drivers/r_scifa/src/hld/r_scifa_drv_api.c ****                 /* check argument is not NULL */
 269:../generate/sc_drivers/r_scifa/src/hld/r_scifa_drv_api.c ****                 if (NULL != p_ctl_struct)
 270:../generate/sc_drivers/r_scifa/src/hld/r_scifa_drv_api.c ****                 {
 271:../generate/sc_drivers/r_scifa/src/hld/r_scifa_drv_api.c ****                     /* Set next DMA write */
 272:../generate/sc_drivers/r_scifa/src/hld/r_scifa_drv_api.c ****                     ret = r_scifa_hld_dma_write_next(sc_config_index, (st_scifa_dma_rw_t *) p_ctl_s
 273:../generate/sc_drivers/r_scifa/src/hld/r_scifa_drv_api.c ****                 }
 274:../generate/sc_drivers/r_scifa/src/hld/r_scifa_drv_api.c ****                 break;
 275:../generate/sc_drivers/r_scifa/src/hld/r_scifa_drv_api.c ****             }
 276:../generate/sc_drivers/r_scifa/src/hld/r_scifa_drv_api.c **** 
 277:../generate/sc_drivers/r_scifa/src/hld/r_scifa_drv_api.c ****             case CTL_SCIFA_FLUSH_OUTPUT:
 278:../generate/sc_drivers/r_scifa/src/hld/r_scifa_drv_api.c ****             {
 279:../generate/sc_drivers/r_scifa/src/hld/r_scifa_drv_api.c ****                 ret = r_scifa_hld_tx_flush(sc_config_index);
 280:../generate/sc_drivers/r_scifa/src/hld/r_scifa_drv_api.c ****                 break;
 281:../generate/sc_drivers/r_scifa/src/hld/r_scifa_drv_api.c ****             }
 282:../generate/sc_drivers/r_scifa/src/hld/r_scifa_drv_api.c **** 
 283:../generate/sc_drivers/r_scifa/src/hld/r_scifa_drv_api.c ****             default:
 284:../generate/sc_drivers/r_scifa/src/hld/r_scifa_drv_api.c ****             {
 285:../generate/sc_drivers/r_scifa/src/hld/r_scifa_drv_api.c ****                 printf("SCIFA Driver: Unknown control code %ld\r\n", ctl_code);
 286:../generate/sc_drivers/r_scifa/src/hld/r_scifa_drv_api.c ****                 break;
 287:../generate/sc_drivers/r_scifa/src/hld/r_scifa_drv_api.c ****             }
 288:../generate/sc_drivers/r_scifa/src/hld/r_scifa_drv_api.c ****         }
 289:../generate/sc_drivers/r_scifa/src/hld/r_scifa_drv_api.c ****     }
 290:../generate/sc_drivers/r_scifa/src/hld/r_scifa_drv_api.c **** 
 291:../generate/sc_drivers/r_scifa/src/hld/r_scifa_drv_api.c ****     return (ret);
 292:../generate/sc_drivers/r_scifa/src/hld/r_scifa_drv_api.c **** }
 293:../generate/sc_drivers/r_scifa/src/hld/r_scifa_drv_api.c **** /**************************************************************************************************
 294:../generate/sc_drivers/r_scifa/src/hld/r_scifa_drv_api.c ****  * End of Function scifa_hld_control()
 295:../generate/sc_drivers/r_scifa/src/hld/r_scifa_drv_api.c ****  **************************************************************************************************
 296:../generate/sc_drivers/r_scifa/src/hld/r_scifa_drv_api.c **** 
 297:../generate/sc_drivers/r_scifa/src/hld/r_scifa_drv_api.c **** /**
 298:../generate/sc_drivers/r_scifa/src/hld/r_scifa_drv_api.c ****  * @brief Provides build information even if driver fails to open\n
 299:../generate/sc_drivers/r_scifa/src/hld/r_scifa_drv_api.c ****  *        version information is updated by developer
 300:../generate/sc_drivers/r_scifa/src/hld/r_scifa_drv_api.c ****  * 
 301:../generate/sc_drivers/r_scifa/src/hld/r_scifa_drv_api.c ****  * Acquires the version information for both the high layer and
 302:../generate/sc_drivers/r_scifa/src/hld/r_scifa_drv_api.c ****  * low layer driver. This allows for control of releases and debugging
 303:../generate/sc_drivers/r_scifa/src/hld/r_scifa_drv_api.c ****  * code.
 304:../generate/sc_drivers/r_scifa/src/hld/r_scifa_drv_api.c ****  *
 305:../generate/sc_drivers/r_scifa/src/hld/r_scifa_drv_api.c ****  * @param stream_ptr  Pointer to the file stream
 306:../generate/sc_drivers/r_scifa/src/hld/r_scifa_drv_api.c ****  * @param p_ver_info  Structure holding the version information
 307:../generate/sc_drivers/r_scifa/src/hld/r_scifa_drv_api.c ****  *
 308:../generate/sc_drivers/r_scifa/src/hld/r_scifa_drv_api.c ****  * @retval 0  DRV_SUCCESS (Never Fails)
 309:../generate/sc_drivers/r_scifa/src/hld/r_scifa_drv_api.c ****  */
 310:../generate/sc_drivers/r_scifa/src/hld/r_scifa_drv_api.c **** static int_t scifa_hld_get_version (st_stream_ptr_t stream_ptr, st_ver_info_t *p_ver_info)
 311:../generate/sc_drivers/r_scifa/src/hld/r_scifa_drv_api.c **** {
  25              		.loc 1 311 0
  26              		.cfi_startproc
  27              		@ args = 0, pretend = 0, frame = 0
  28              		@ frame_needed = 0, uses_anonymous_args = 0
  29              	.LVL0:
  30 0000 10402DE9 		push	{r4, lr}
  31              		.cfi_def_cfa_offset 8
  32              		.cfi_offset 4, -8
  33              		.cfi_offset 14, -4
 312:../generate/sc_drivers/r_scifa/src/hld/r_scifa_drv_api.c ****     (void) stream_ptr;
 313:../generate/sc_drivers/r_scifa/src/hld/r_scifa_drv_api.c **** 
 314:../generate/sc_drivers/r_scifa/src/hld/r_scifa_drv_api.c ****     p_ver_info->hld.version.sub.major = gs_hld_info.version.sub.major;
  34              		.loc 1 314 0
  35 0004 0230A0E3 		mov	r3, #2
  36 0008 B230C1E1 		strh	r3, [r1, #2]	@ movhi
 315:../generate/sc_drivers/r_scifa/src/hld/r_scifa_drv_api.c ****     p_ver_info->hld.version.sub.minor = gs_hld_info.version.sub.minor;
  37              		.loc 1 315 0
  38 000c 0040A0E3 		mov	r4, #0
  39 0010 B040C1E1 		strh	r4, [r1]	@ movhi
 316:../generate/sc_drivers/r_scifa/src/hld/r_scifa_drv_api.c ****     p_ver_info->hld.build = gs_hld_info.build;
  40              		.loc 1 316 0
  41 0014 044081E5 		str	r4, [r1, #4]
 317:../generate/sc_drivers/r_scifa/src/hld/r_scifa_drv_api.c ****     p_ver_info->hld.p_szdriver_name = gs_hld_info.p_szdriver_name;
  42              		.loc 1 317 0
  43 0018 003000E3 		movw	r3, #:lower16:.LC0
  44 001c 003040E3 		movt	r3, #:upper16:.LC0
  45 0020 083081E5 		str	r3, [r1, #8]
 318:../generate/sc_drivers/r_scifa/src/hld/r_scifa_drv_api.c **** 
 319:../generate/sc_drivers/r_scifa/src/hld/r_scifa_drv_api.c ****     /* Obtain version information from Low Layer Driver */
 320:../generate/sc_drivers/r_scifa/src/hld/r_scifa_drv_api.c ****     R_SCIFA_GetVersion(p_ver_info);
  46              		.loc 1 320 0
  47 0024 0100A0E1 		mov	r0, r1
  48              	.LVL1:
  49 0028 FEFFFFEB 		bl	R_SCIFA_GetVersion
  50              	.LVL2:
 321:../generate/sc_drivers/r_scifa/src/hld/r_scifa_drv_api.c **** 
 322:../generate/sc_drivers/r_scifa/src/hld/r_scifa_drv_api.c ****     return (DRV_SUCCESS);
 323:../generate/sc_drivers/r_scifa/src/hld/r_scifa_drv_api.c **** }
  51              		.loc 1 323 0
  52 002c 0400A0E1 		mov	r0, r4
  53 0030 1080BDE8 		pop	{r4, pc}
  54              		.cfi_endproc
  55              	.LFE6:
  57              		.section	.text.scifa_get_config_index,"ax",%progbits
  58              		.align	2
  59              		.syntax unified
  60              		.arm
  61              		.fpu neon
  63              	scifa_get_config_index:
  64              	.LFB7:
 324:../generate/sc_drivers/r_scifa/src/hld/r_scifa_drv_api.c **** /**************************************************************************************************
 325:../generate/sc_drivers/r_scifa/src/hld/r_scifa_drv_api.c ****  * End of Function scifa_hld_get_version
 326:../generate/sc_drivers/r_scifa/src/hld/r_scifa_drv_api.c ****  **************************************************************************************************
 327:../generate/sc_drivers/r_scifa/src/hld/r_scifa_drv_api.c **** 
 328:../generate/sc_drivers/r_scifa/src/hld/r_scifa_drv_api.c **** /**
 329:../generate/sc_drivers/r_scifa/src/hld/r_scifa_drv_api.c ****  * @brief Acquires and validates the smart configuration index from a given stream_ptr
 330:../generate/sc_drivers/r_scifa/src/hld/r_scifa_drv_api.c ****  *
 331:../generate/sc_drivers/r_scifa/src/hld/r_scifa_drv_api.c ****  * This function safely returns a configuration index if it is
 332:../generate/sc_drivers/r_scifa/src/hld/r_scifa_drv_api.c ****  * supported by the driver, otherwise it returns -1
 333:../generate/sc_drivers/r_scifa/src/hld/r_scifa_drv_api.c ****  *
 334:../generate/sc_drivers/r_scifa/src/hld/r_scifa_drv_api.c ****  * @param stream_ptr Pointer to the file stream
 335:../generate/sc_drivers/r_scifa/src/hld/r_scifa_drv_api.c ****  *
 336:../generate/sc_drivers/r_scifa/src/hld/r_scifa_drv_api.c ****  * @retval  N Where N is the configuration index
 337:../generate/sc_drivers/r_scifa/src/hld/r_scifa_drv_api.c ****  * @retval -1 DRV_ERROR
 338:../generate/sc_drivers/r_scifa/src/hld/r_scifa_drv_api.c ****  */
 339:../generate/sc_drivers/r_scifa/src/hld/r_scifa_drv_api.c **** static r_sc_index_t scifa_get_config_index (st_stream_ptr_t stream_ptr)
 340:../generate/sc_drivers/r_scifa/src/hld/r_scifa_drv_api.c **** {
  65              		.loc 1 340 0
  66              		.cfi_startproc
  67              		@ args = 0, pretend = 0, frame = 0
  68              		@ frame_needed = 0, uses_anonymous_args = 0
  69              	.LVL3:
  70 0000 10402DE9 		push	{r4, lr}
  71              		.cfi_def_cfa_offset 8
  72              		.cfi_offset 4, -8
  73              		.cfi_offset 14, -4
 341:../generate/sc_drivers/r_scifa/src/hld/r_scifa_drv_api.c ****     r_channel_t channel_id;
 342:../generate/sc_drivers/r_scifa/src/hld/r_scifa_drv_api.c ****     r_sc_index_t sc_config_index;
 343:../generate/sc_drivers/r_scifa/src/hld/r_scifa_drv_api.c **** 
 344:../generate/sc_drivers/r_scifa/src/hld/r_scifa_drv_api.c ****     /* return error if not valid stream pointer */
 345:../generate/sc_drivers/r_scifa/src/hld/r_scifa_drv_api.c ****     if (NULL == stream_ptr)
  74              		.loc 1 345 0
  75 0004 000050E3 		cmp	r0, #0
  76 0008 0E00000A 		beq	.L5
 346:../generate/sc_drivers/r_scifa/src/hld/r_scifa_drv_api.c ****     {
 347:../generate/sc_drivers/r_scifa/src/hld/r_scifa_drv_api.c ****         return (DRV_ERROR);
 348:../generate/sc_drivers/r_scifa/src/hld/r_scifa_drv_api.c ****     }
 349:../generate/sc_drivers/r_scifa/src/hld/r_scifa_drv_api.c **** 
 350:../generate/sc_drivers/r_scifa/src/hld/r_scifa_drv_api.c ****     /* get channel associated with configuration */
 351:../generate/sc_drivers/r_scifa/src/hld/r_scifa_drv_api.c ****     sc_config_index = (int_t) (stream_ptr->sc_config_index);
  77              		.loc 1 351 0
  78 000c 1C40D0E5 		ldrb	r4, [r0, #28]	@ zero_extendqisi2
  79              	.LVL4:
 352:../generate/sc_drivers/r_scifa/src/hld/r_scifa_drv_api.c ****     channel_id = R_SCIFA_GetChannel(sc_config_index);
  80              		.loc 1 352 0
  81 0010 0400A0E1 		mov	r0, r4
  82              	.LVL5:
  83 0014 FEFFFFEB 		bl	R_SCIFA_GetChannel
  84              	.LVL6:
 353:../generate/sc_drivers/r_scifa/src/hld/r_scifa_drv_api.c **** 
 354:../generate/sc_drivers/r_scifa/src/hld/r_scifa_drv_api.c ****     if (DRV_ERROR == channel_id)
  85              		.loc 1 354 0
  86 0018 010070E3 		cmn	r0, #1
  87 001c 0B00000A 		beq	.L6
 355:../generate/sc_drivers/r_scifa/src/hld/r_scifa_drv_api.c ****     {
 356:../generate/sc_drivers/r_scifa/src/hld/r_scifa_drv_api.c ****         return (DRV_ERROR);
 357:../generate/sc_drivers/r_scifa/src/hld/r_scifa_drv_api.c ****     }
 358:../generate/sc_drivers/r_scifa/src/hld/r_scifa_drv_api.c **** 
 359:../generate/sc_drivers/r_scifa/src/hld/r_scifa_drv_api.c ****     /* verify that the channel is supported */
 360:../generate/sc_drivers/r_scifa/src/hld/r_scifa_drv_api.c ****     /* look for channel in the map of available channels from low level driver */
 361:../generate/sc_drivers/r_scifa/src/hld/r_scifa_drv_api.c ****     /* (e_channel_id_t). This is a bit field where the power of 2 is the available channel */
 362:../generate/sc_drivers/r_scifa/src/hld/r_scifa_drv_api.c ****     if (((1 << channel_id) <= R_CH15))
  88              		.loc 1 362 0
  89 0020 0130A0E3 		mov	r3, #1
  90 0024 1300A0E1 		lsl	r0, r3, r0
  91              	.LVL7:
  92 0028 020950E3 		cmp	r0, #32768
  93 002c 090000CA 		bgt	.L7
  94              	.LVL8:
  95              	.LBB2:
 363:../generate/sc_drivers/r_scifa/src/hld/r_scifa_drv_api.c ****     {
 364:../generate/sc_drivers/r_scifa/src/hld/r_scifa_drv_api.c ****         /* set channel as bit field where value is 2 << channel */
 365:../generate/sc_drivers/r_scifa/src/hld/r_scifa_drv_api.c ****         uint16_t channel_bit_value = (uint16_t) (1 << channel_id);
 366:../generate/sc_drivers/r_scifa/src/hld/r_scifa_drv_api.c **** 
 367:../generate/sc_drivers/r_scifa/src/hld/r_scifa_drv_api.c ****         /* get bit field of supported channels */
 368:../generate/sc_drivers/r_scifa/src/hld/r_scifa_drv_api.c ****         uint16_t supported_channels = SCIFA_CFG_LLD_SUPPORTED_CHANNELS;
 369:../generate/sc_drivers/r_scifa/src/hld/r_scifa_drv_api.c **** 
 370:../generate/sc_drivers/r_scifa/src/hld/r_scifa_drv_api.c ****         if (0 != (channel_bit_value & supported_channels))
  96              		.loc 1 370 0
  97 0030 1F0010E3 		tst	r0, #31
  98 0034 0100000A 		beq	.L9
  99              	.LVL9:
 100              	.L4:
 101              	.LBE2:
 371:../generate/sc_drivers/r_scifa/src/hld/r_scifa_drv_api.c ****         {
 372:../generate/sc_drivers/r_scifa/src/hld/r_scifa_drv_api.c ****             /* channel is supported */
 373:../generate/sc_drivers/r_scifa/src/hld/r_scifa_drv_api.c ****             return (sc_config_index);
 374:../generate/sc_drivers/r_scifa/src/hld/r_scifa_drv_api.c ****         }
 375:../generate/sc_drivers/r_scifa/src/hld/r_scifa_drv_api.c ****     }
 376:../generate/sc_drivers/r_scifa/src/hld/r_scifa_drv_api.c **** 
 377:../generate/sc_drivers/r_scifa/src/hld/r_scifa_drv_api.c ****     return (DRV_ERROR);
 378:../generate/sc_drivers/r_scifa/src/hld/r_scifa_drv_api.c **** }
 102              		.loc 1 378 0
 103 0038 0400A0E1 		mov	r0, r4
 104 003c 1080BDE8 		pop	{r4, pc}
 105              	.LVL10:
 106              	.L9:
 377:../generate/sc_drivers/r_scifa/src/hld/r_scifa_drv_api.c **** }
 107              		.loc 1 377 0
 108 0040 0040E0E3 		mvn	r4, #0
 109              	.LVL11:
 110 0044 FBFFFFEA 		b	.L4
 111              	.LVL12:
 112              	.L5:
 347:../generate/sc_drivers/r_scifa/src/hld/r_scifa_drv_api.c ****     }
 113              		.loc 1 347 0
 114 0048 0040E0E3 		mvn	r4, #0
 115 004c F9FFFFEA 		b	.L4
 116              	.LVL13:
 117              	.L6:
 356:../generate/sc_drivers/r_scifa/src/hld/r_scifa_drv_api.c ****     }
 118              		.loc 1 356 0
 119 0050 0040E0E3 		mvn	r4, #0
 120              	.LVL14:
 121 0054 F7FFFFEA 		b	.L4
 122              	.LVL15:
 123              	.L7:
 377:../generate/sc_drivers/r_scifa/src/hld/r_scifa_drv_api.c **** }
 124              		.loc 1 377 0
 125 0058 0040E0E3 		mvn	r4, #0
 126              	.LVL16:
 127 005c F5FFFFEA 		b	.L4
 128              		.cfi_endproc
 129              	.LFE7:
 131              		.section	.text.scifa_hld_control,"ax",%progbits
 132              		.align	2
 133              		.syntax unified
 134              		.arm
 135              		.fpu neon
 137              	scifa_hld_control:
 138              	.LFB5:
 212:../generate/sc_drivers/r_scifa/src/hld/r_scifa_drv_api.c ****     int_t ret = DRV_ERROR;
 139              		.loc 1 212 0
 140              		.cfi_startproc
 141              		@ args = 0, pretend = 0, frame = 0
 142              		@ frame_needed = 0, uses_anonymous_args = 0
 143              	.LVL17:
 144 0000 70402DE9 		push	{r4, r5, r6, lr}
 145              		.cfi_def_cfa_offset 16
 146              		.cfi_offset 4, -16
 147              		.cfi_offset 5, -12
 148              		.cfi_offset 6, -8
 149              		.cfi_offset 14, -4
 150 0004 0140A0E1 		mov	r4, r1
 151 0008 0250A0E1 		mov	r5, r2
 152              	.LVL18:
 216:../generate/sc_drivers/r_scifa/src/hld/r_scifa_drv_api.c **** 
 153              		.loc 1 216 0
 154 000c FEFFFFEB 		bl	scifa_get_config_index
 155              	.LVL19:
 219:../generate/sc_drivers/r_scifa/src/hld/r_scifa_drv_api.c ****     {
 156              		.loc 1 219 0
 157 0010 010070E3 		cmn	r0, #1
 158 0014 2A00000A 		beq	.L21
 221:../generate/sc_drivers/r_scifa/src/hld/r_scifa_drv_api.c ****         {
 159              		.loc 1 221 0
 160 0018 4D3844E2 		sub	r3, r4, #5046272
 161 001c 060053E3 		cmp	r3, #6
 162 0020 03F19F97 		ldrls	pc, [pc, r3, asl #2]
 163 0024 200000EA 		b	.L12
 164              	.L14:
 165 0028 44000000 		.word	.L13
 166 002c 58000000 		.word	.L15
 167 0030 6C000000 		.word	.L16
 168 0034 74000000 		.word	.L17
 169 0038 90000000 		.word	.L18
 170 003c 7C000000 		.word	.L19
 171 0040 A4000000 		.word	.L20
 172              	.L13:
 226:../generate/sc_drivers/r_scifa/src/hld/r_scifa_drv_api.c ****                 {
 173              		.loc 1 226 0
 174 0044 000055E3 		cmp	r5, #0
 175 0048 1F00000A 		beq	.L22
 228:../generate/sc_drivers/r_scifa/src/hld/r_scifa_drv_api.c ****                 }
 176              		.loc 1 228 0
 177 004c 0510A0E1 		mov	r1, r5
 178 0050 FEFFFFEB 		bl	r_scifa_hld_prv_set_config
 179              	.LVL20:
 180 0054 7080BDE8 		pop	{r4, r5, r6, pc}
 181              	.LVL21:
 182              	.L15:
 236:../generate/sc_drivers/r_scifa/src/hld/r_scifa_drv_api.c ****                 {
 183              		.loc 1 236 0
 184 0058 000055E3 		cmp	r5, #0
 185 005c 1C00000A 		beq	.L23
 238:../generate/sc_drivers/r_scifa/src/hld/r_scifa_drv_api.c ****                 }
 186              		.loc 1 238 0
 187 0060 0510A0E1 		mov	r1, r5
 188 0064 FEFFFFEB 		bl	r_scifa_hld_prv_get_config
 189              	.LVL22:
 190 0068 7080BDE8 		pop	{r4, r5, r6, pc}
 191              	.LVL23:
 192              	.L16:
 245:../generate/sc_drivers/r_scifa/src/hld/r_scifa_drv_api.c ****                 break;
 193              		.loc 1 245 0
 194 006c FEFFFFEB 		bl	r_scifa_hld_dma_read_abort
 195              	.LVL24:
 246:../generate/sc_drivers/r_scifa/src/hld/r_scifa_drv_api.c ****             }
 196              		.loc 1 246 0
 197 0070 7080BDE8 		pop	{r4, r5, r6, pc}
 198              	.LVL25:
 199              	.L17:
 251:../generate/sc_drivers/r_scifa/src/hld/r_scifa_drv_api.c ****                 break;
 200              		.loc 1 251 0
 201 0074 FEFFFFEB 		bl	r_scifa_hld_dma_write_abort
 202              	.LVL26:
 252:../generate/sc_drivers/r_scifa/src/hld/r_scifa_drv_api.c ****             }
 203              		.loc 1 252 0
 204 0078 7080BDE8 		pop	{r4, r5, r6, pc}
 205              	.LVL27:
 206              	.L19:
 258:../generate/sc_drivers/r_scifa/src/hld/r_scifa_drv_api.c ****                 {
 207              		.loc 1 258 0
 208 007c 000055E3 		cmp	r5, #0
 209 0080 1500000A 		beq	.L24
 261:../generate/sc_drivers/r_scifa/src/hld/r_scifa_drv_api.c ****                 }
 210              		.loc 1 261 0
 211 0084 0510A0E1 		mov	r1, r5
 212 0088 FEFFFFEB 		bl	r_scifa_hld_dma_read_next
 213              	.LVL28:
 214 008c 7080BDE8 		pop	{r4, r5, r6, pc}
 215              	.LVL29:
 216              	.L18:
 269:../generate/sc_drivers/r_scifa/src/hld/r_scifa_drv_api.c ****                 {
 217              		.loc 1 269 0
 218 0090 000055E3 		cmp	r5, #0
 219 0094 1200000A 		beq	.L25
 272:../generate/sc_drivers/r_scifa/src/hld/r_scifa_drv_api.c ****                 }
 220              		.loc 1 272 0
 221 0098 0510A0E1 		mov	r1, r5
 222 009c FEFFFFEB 		bl	r_scifa_hld_dma_write_next
 223              	.LVL30:
 224 00a0 7080BDE8 		pop	{r4, r5, r6, pc}
 225              	.LVL31:
 226              	.L20:
 279:../generate/sc_drivers/r_scifa/src/hld/r_scifa_drv_api.c ****                 break;
 227              		.loc 1 279 0
 228 00a4 FEFFFFEB 		bl	r_scifa_hld_tx_flush
 229              	.LVL32:
 280:../generate/sc_drivers/r_scifa/src/hld/r_scifa_drv_api.c ****             }
 230              		.loc 1 280 0
 231 00a8 7080BDE8 		pop	{r4, r5, r6, pc}
 232              	.LVL33:
 233              	.L12:
 285:../generate/sc_drivers/r_scifa/src/hld/r_scifa_drv_api.c ****                 break;
 234              		.loc 1 285 0
 235 00ac 0410A0E1 		mov	r1, r4
 236 00b0 000000E3 		movw	r0, #:lower16:.LC1
 237              	.LVL34:
 238 00b4 000040E3 		movt	r0, #:upper16:.LC1
 239 00b8 FEFFFFEB 		bl	printf
 240              	.LVL35:
 213:../generate/sc_drivers/r_scifa/src/hld/r_scifa_drv_api.c **** 
 241              		.loc 1 213 0
 242 00bc 0000E0E3 		mvn	r0, #0
 286:../generate/sc_drivers/r_scifa/src/hld/r_scifa_drv_api.c ****             }
 243              		.loc 1 286 0
 244 00c0 7080BDE8 		pop	{r4, r5, r6, pc}
 245              	.LVL36:
 246              	.L21:
 213:../generate/sc_drivers/r_scifa/src/hld/r_scifa_drv_api.c **** 
 247              		.loc 1 213 0
 248 00c4 0000E0E3 		mvn	r0, #0
 249              	.LVL37:
 250 00c8 7080BDE8 		pop	{r4, r5, r6, pc}
 251              	.LVL38:
 252              	.L22:
 253 00cc 0000E0E3 		mvn	r0, #0
 254              	.LVL39:
 255 00d0 7080BDE8 		pop	{r4, r5, r6, pc}
 256              	.LVL40:
 257              	.L23:
 258 00d4 0000E0E3 		mvn	r0, #0
 259              	.LVL41:
 260 00d8 7080BDE8 		pop	{r4, r5, r6, pc}
 261              	.LVL42:
 262              	.L24:
 263 00dc 0000E0E3 		mvn	r0, #0
 264              	.LVL43:
 265 00e0 7080BDE8 		pop	{r4, r5, r6, pc}
 266              	.LVL44:
 267              	.L25:
 268 00e4 0000E0E3 		mvn	r0, #0
 269              	.LVL45:
 292:../generate/sc_drivers/r_scifa/src/hld/r_scifa_drv_api.c **** /**************************************************************************************************
 270              		.loc 1 292 0
 271 00e8 7080BDE8 		pop	{r4, r5, r6, pc}
 272              		.cfi_endproc
 273              	.LFE5:
 275              		.section	.text.scifa_hld_write,"ax",%progbits
 276              		.align	2
 277              		.syntax unified
 278              		.arm
 279              		.fpu neon
 281              	scifa_hld_write:
 282              	.LFB4:
 185:../generate/sc_drivers/r_scifa/src/hld/r_scifa_drv_api.c ****     /* get the Smart Configuration index associated with the handle */
 283              		.loc 1 185 0
 284              		.cfi_startproc
 285              		@ args = 0, pretend = 0, frame = 0
 286              		@ frame_needed = 0, uses_anonymous_args = 0
 287              	.LVL46:
 288 0000 70402DE9 		push	{r4, r5, r6, lr}
 289              		.cfi_def_cfa_offset 16
 290              		.cfi_offset 4, -16
 291              		.cfi_offset 5, -12
 292              		.cfi_offset 6, -8
 293              		.cfi_offset 14, -4
 294 0004 0140A0E1 		mov	r4, r1
 295 0008 0250A0E1 		mov	r5, r2
 187:../generate/sc_drivers/r_scifa/src/hld/r_scifa_drv_api.c **** 
 296              		.loc 1 187 0
 297 000c FEFFFFEB 		bl	scifa_get_config_index
 298              	.LVL47:
 190:../generate/sc_drivers/r_scifa/src/hld/r_scifa_drv_api.c **** }
 299              		.loc 1 190 0
 300 0010 0520A0E1 		mov	r2, r5
 301 0014 0410A0E1 		mov	r1, r4
 302 0018 FEFFFFEB 		bl	r_scifa_hld_prv_write
 303              	.LVL48:
 191:../generate/sc_drivers/r_scifa/src/hld/r_scifa_drv_api.c **** /**************************************************************************************************
 304              		.loc 1 191 0
 305 001c 7080BDE8 		pop	{r4, r5, r6, pc}
 306              		.cfi_endproc
 307              	.LFE4:
 309              		.section	.text.scifa_hld_read,"ax",%progbits
 310              		.align	2
 311              		.syntax unified
 312              		.arm
 313              		.fpu neon
 315              	scifa_hld_read:
 316              	.LFB3:
 160:../generate/sc_drivers/r_scifa/src/hld/r_scifa_drv_api.c ****     /* get the Smart Configuration index associated with the handle */
 317              		.loc 1 160 0
 318              		.cfi_startproc
 319              		@ args = 0, pretend = 0, frame = 0
 320              		@ frame_needed = 0, uses_anonymous_args = 0
 321              	.LVL49:
 322 0000 70402DE9 		push	{r4, r5, r6, lr}
 323              		.cfi_def_cfa_offset 16
 324              		.cfi_offset 4, -16
 325              		.cfi_offset 5, -12
 326              		.cfi_offset 6, -8
 327              		.cfi_offset 14, -4
 328 0004 0140A0E1 		mov	r4, r1
 329 0008 0250A0E1 		mov	r5, r2
 162:../generate/sc_drivers/r_scifa/src/hld/r_scifa_drv_api.c **** 
 330              		.loc 1 162 0
 331 000c FEFFFFEB 		bl	scifa_get_config_index
 332              	.LVL50:
 165:../generate/sc_drivers/r_scifa/src/hld/r_scifa_drv_api.c **** }
 333              		.loc 1 165 0
 334 0010 0520A0E1 		mov	r2, r5
 335 0014 0410A0E1 		mov	r1, r4
 336 0018 FEFFFFEB 		bl	r_scifa_hld_prv_read
 337              	.LVL51:
 166:../generate/sc_drivers/r_scifa/src/hld/r_scifa_drv_api.c **** /**************************************************************************************************
 338              		.loc 1 166 0
 339 001c 7080BDE8 		pop	{r4, r5, r6, pc}
 340              		.cfi_endproc
 341              	.LFE3:
 343              		.section	.text.scifa_hld_close,"ax",%progbits
 344              		.align	2
 345              		.syntax unified
 346              		.arm
 347              		.fpu neon
 349              	scifa_hld_close:
 350              	.LFB2:
 135:../generate/sc_drivers/r_scifa/src/hld/r_scifa_drv_api.c ****     /* get the Smart Configuration index associated with the handle */
 351              		.loc 1 135 0
 352              		.cfi_startproc
 353              		@ args = 0, pretend = 0, frame = 0
 354              		@ frame_needed = 0, uses_anonymous_args = 0
 355              	.LVL52:
 356 0000 10402DE9 		push	{r4, lr}
 357              		.cfi_def_cfa_offset 8
 358              		.cfi_offset 4, -8
 359              		.cfi_offset 14, -4
 137:../generate/sc_drivers/r_scifa/src/hld/r_scifa_drv_api.c **** 
 360              		.loc 1 137 0
 361 0004 FEFFFFEB 		bl	scifa_get_config_index
 362              	.LVL53:
 140:../generate/sc_drivers/r_scifa/src/hld/r_scifa_drv_api.c **** }
 363              		.loc 1 140 0
 364 0008 FEFFFFEB 		bl	r_scifa_hld_prv_close
 365              	.LVL54:
 366 000c 1080BDE8 		pop	{r4, pc}
 367              		.cfi_endproc
 368              	.LFE2:
 370              		.section	.text.scifa_hld_open,"ax",%progbits
 371              		.align	2
 372              		.syntax unified
 373              		.arm
 374              		.fpu neon
 376              	scifa_hld_open:
 377              	.LFB1:
 107:../generate/sc_drivers/r_scifa/src/hld/r_scifa_drv_api.c ****     int_t ret = DRV_ERROR;
 378              		.loc 1 107 0
 379              		.cfi_startproc
 380              		@ args = 0, pretend = 0, frame = 0
 381              		@ frame_needed = 0, uses_anonymous_args = 0
 382              	.LVL55:
 383 0000 10402DE9 		push	{r4, lr}
 384              		.cfi_def_cfa_offset 8
 385              		.cfi_offset 4, -8
 386              		.cfi_offset 14, -4
 387 0004 0040A0E1 		mov	r4, r0
 388              	.LVL56:
 111:../generate/sc_drivers/r_scifa/src/hld/r_scifa_drv_api.c **** 
 389              		.loc 1 111 0
 390 0008 FEFFFFEB 		bl	scifa_get_config_index
 391              	.LVL57:
 114:../generate/sc_drivers/r_scifa/src/hld/r_scifa_drv_api.c **** 
 392              		.loc 1 114 0
 393 000c 141094E5 		ldr	r1, [r4, #20]
 394 0010 FEFFFFEB 		bl	r_scifa_hld_prv_open
 395              	.LVL58:
 118:../generate/sc_drivers/r_scifa/src/hld/r_scifa_drv_api.c **** /**************************************************************************************************
 396              		.loc 1 118 0
 397 0014 1080BDE8 		pop	{r4, pc}
 398              		.cfi_endproc
 399              	.LFE1:
 401              		.global	g_scifa_driver
 402              		.section	.rodata.g_scifa_driver,"a",%progbits
 403              		.align	2
 406              	g_scifa_driver:
 407 0000 00000000 		.word	.LC2
 408 0004 00000000 		.word	scifa_hld_open
 409 0008 00000000 		.word	scifa_hld_close
 410 000c 00000000 		.word	scifa_hld_read
 411 0010 00000000 		.word	scifa_hld_write
 412 0014 00000000 		.word	scifa_hld_control
 413 0018 00000000 		.word	scifa_hld_get_version
 414              		.section	.rodata.scifa_hld_control.str1.4,"aMS",%progbits,1
 415              		.align	2
 416              	.LC1:
 417 0000 53434946 		.ascii	"SCIFA Driver: Unknown control code %ld\015\012\000"
 417      41204472 
 417      69766572 
 417      3A20556E 
 417      6B6E6F77 
 418              		.section	.rodata.scifa_hld_get_version.str1.4,"aMS",%progbits,1
 419              		.align	2
 420              	.LC0:
 421 0000 484C4420 		.ascii	"HLD SCIFA\000"
 421      53434946 
 421      4100
 422              		.section	.rodata.str1.4,"aMS",%progbits,1
 423              		.align	2
 424              	.LC2:
 425 0000 53434946 		.ascii	"SCIFA Device Driver\000"
 425      41204465 
 425      76696365 
 425      20447269 
 425      76657200 
 426              		.text
 427              	.Letext0:
 428              		.file 2 "c:\\program files (x86)\\gnu tools arm embedded\\6 2017-q2-update\\arm-none-eabi\\include
 429              		.file 3 "c:\\program files (x86)\\gnu tools arm embedded\\6 2017-q2-update\\arm-none-eabi\\include
 430              		.file 4 "c:\\program files (x86)\\gnu tools arm embedded\\6 2017-q2-update\\arm-none-eabi\\include
 431              		.file 5 "c:\\program files (x86)\\gnu tools arm embedded\\6 2017-q2-update\\arm-none-eabi\\include
 432              		.file 6 "c:\\program files (x86)\\gnu tools arm embedded\\6 2017-q2-update\\lib\\gcc\\arm-none-eab
 433              		.file 7 "c:\\program files (x86)\\gnu tools arm embedded\\6 2017-q2-update\\arm-none-eabi\\include
 434              		.file 8 "c:\\program files (x86)\\gnu tools arm embedded\\6 2017-q2-update\\arm-none-eabi\\include
 435              		.file 9 "C:/Users/tle/e2_studio/workspace/rza2m_cam_and_disp_sample_freertos_gcc/generate/system/i
 436              		.file 10 "c:\\program files (x86)\\gnu tools arm embedded\\6 2017-q2-update\\arm-none-eabi\\includ
 437              		.file 11 "c:\\program files (x86)\\gnu tools arm embedded\\6 2017-q2-update\\arm-none-eabi\\includ
 438              		.file 12 "C:/Users/tle/e2_studio/workspace/rza2m_cam_and_disp_sample_freertos_gcc/generate/system/
 439              		.file 13 "C:/Users/tle/e2_studio/workspace/rza2m_cam_and_disp_sample_freertos_gcc/generate/sc_driv
 440              		.file 14 "C:/Users/tle/e2_studio/workspace/rza2m_cam_and_disp_sample_freertos_gcc/generate/drivers
 441              		.file 15 "C:/Users/tle/e2_studio/workspace/rza2m_cam_and_disp_sample_freertos_gcc/generate/sc_driv
 442              		.file 16 "C:/Users/tle/e2_studio/workspace/rza2m_cam_and_disp_sample_freertos_gcc/generate/drivers
 443              		.file 17 "C:/Users/tle/e2_studio/workspace/rza2m_cam_and_disp_sample_freertos_gcc/generate/drivers
 444              		.file 18 "C:/Users/tle/e2_studio/workspace/rza2m_cam_and_disp_sample_freertos_gcc/generate/drivers
 445              		.file 19 "C:/Users/tle/e2_studio/workspace/rza2m_cam_and_disp_sample_freertos_gcc/generate/sc_driv
 446              		.file 20 "C:/Users/tle/e2_studio/workspace/rza2m_cam_and_disp_sample_freertos_gcc/generate/sc_driv
 447              		.file 21 "C:/Users/tle/e2_studio/workspace/rza2m_cam_and_disp_sample_freertos_gcc/generate/sc_driv
 448              		.file 22 "c:\\program files (x86)\\gnu tools arm embedded\\6 2017-q2-update\\arm-none-eabi\\includ
DEFINED SYMBOLS
                            *ABS*:00000000 r_scifa_drv_api.c
C:\Users\tle\AppData\Local\Temp\cc48ysxk.s:17     .text.scifa_hld_get_version:00000000 $a
C:\Users\tle\AppData\Local\Temp\cc48ysxk.s:22     .text.scifa_hld_get_version:00000000 scifa_hld_get_version
C:\Users\tle\AppData\Local\Temp\cc48ysxk.s:420    .rodata.scifa_hld_get_version.str1.4:00000000 .LC0
C:\Users\tle\AppData\Local\Temp\cc48ysxk.s:58     .text.scifa_get_config_index:00000000 $a
C:\Users\tle\AppData\Local\Temp\cc48ysxk.s:63     .text.scifa_get_config_index:00000000 scifa_get_config_index
C:\Users\tle\AppData\Local\Temp\cc48ysxk.s:132    .text.scifa_hld_control:00000000 $a
C:\Users\tle\AppData\Local\Temp\cc48ysxk.s:137    .text.scifa_hld_control:00000000 scifa_hld_control
C:\Users\tle\AppData\Local\Temp\cc48ysxk.s:165    .text.scifa_hld_control:00000028 $d
C:\Users\tle\AppData\Local\Temp\cc48ysxk.s:174    .text.scifa_hld_control:00000044 $a
C:\Users\tle\AppData\Local\Temp\cc48ysxk.s:416    .rodata.scifa_hld_control.str1.4:00000000 .LC1
C:\Users\tle\AppData\Local\Temp\cc48ysxk.s:276    .text.scifa_hld_write:00000000 $a
C:\Users\tle\AppData\Local\Temp\cc48ysxk.s:281    .text.scifa_hld_write:00000000 scifa_hld_write
C:\Users\tle\AppData\Local\Temp\cc48ysxk.s:310    .text.scifa_hld_read:00000000 $a
C:\Users\tle\AppData\Local\Temp\cc48ysxk.s:315    .text.scifa_hld_read:00000000 scifa_hld_read
C:\Users\tle\AppData\Local\Temp\cc48ysxk.s:344    .text.scifa_hld_close:00000000 $a
C:\Users\tle\AppData\Local\Temp\cc48ysxk.s:349    .text.scifa_hld_close:00000000 scifa_hld_close
C:\Users\tle\AppData\Local\Temp\cc48ysxk.s:371    .text.scifa_hld_open:00000000 $a
C:\Users\tle\AppData\Local\Temp\cc48ysxk.s:376    .text.scifa_hld_open:00000000 scifa_hld_open
C:\Users\tle\AppData\Local\Temp\cc48ysxk.s:406    .rodata.g_scifa_driver:00000000 g_scifa_driver
C:\Users\tle\AppData\Local\Temp\cc48ysxk.s:403    .rodata.g_scifa_driver:00000000 $d
C:\Users\tle\AppData\Local\Temp\cc48ysxk.s:415    .rodata.scifa_hld_control.str1.4:00000000 $d
C:\Users\tle\AppData\Local\Temp\cc48ysxk.s:419    .rodata.scifa_hld_get_version.str1.4:00000000 $d
C:\Users\tle\AppData\Local\Temp\cc48ysxk.s:423    .rodata.str1.4:00000000 $d
                     .debug_frame:00000010 $d
                           .group:00000000 wm4.0.14fc17be114e5a2cba0959c511ea2aaf
                           .group:00000000 wm4.stddef.h.39.a38874c8f8a57e66301090908ec2a69f
                           .group:00000000 wm4._newlib_version.h.4.3572908597b70d672d181fc7fc501c19
                           .group:00000000 wm4.features.h.33.d97f2d646536517df901beeb5b9993f5
                           .group:00000000 wm4._default_types.h.15.247e5cd201eca3442cbf5404108c4935
                           .group:00000000 wm4._intsup.h.10.cce27fed8484c08a33f522034c30d2b5
                           .group:00000000 wm4._stdint.h.10.c24fa3af3bc1706662bb5593a907e841
                           .group:00000000 wm4.stdint.h.23.d53047a68f4a85177f80b422d52785ed
                           .group:00000000 wm4.newlib.h.8.5f2124c7e712be65f83b91ff86a0b1c1
                           .group:00000000 wm4.config.h.219.65a553ab5bef5482f0d7880b0d33015e
                           .group:00000000 wm4._ansi.h.23.9f8fcfa20193763fcf364fb91705c94b
                           .group:00000000 wm4.lock.h.2.1461d1fff82dffe8bfddc23307f6484f
                           .group:00000000 wm4._types.h.125.5cf8a495f1f7ef36777ad868a1e32068
                           .group:00000000 wm4.stddef.h.161.5349cb105733e8777bfb0cf53c4e3f34
                           .group:00000000 wm4._types.h.183.c226d164ceca1f2ecb9ae9360c54a098
                           .group:00000000 wm4.reent.h.17.23b059516345f8f5abfa01ddc379570f
                           .group:00000000 wm4.cdefs.h.47.e658329a094974ebad41b40c60502de7
                           .group:00000000 wm4.math.h.13.adb102f7bd7860b1f241e149d6914a1e
                           .group:00000000 wm4.r_typedefs.h.38.e90d9de5300d9ae020e5db8c5af88b3e
                           .group:00000000 wm4.stdio.h.27.3fc80220048df77954e38daec3bb9670
                           .group:00000000 wm4.stddef.h.161.19e15733342b50ead2919490b095303e
                           .group:00000000 wm4.stdarg.h.34.3a23a216c0c293b3d2ea2e89281481e6
                           .group:00000000 wm4.types.h.40.e8c16e7ec36ba55f133d0616070e25fc
                           .group:00000000 wm4._endian.h.31.65a10590763c3dde1ac4a7f66d7d4891
                           .group:00000000 wm4.endian.h.9.49f3a4695c1b61e8a0808de3c4a106cb
                           .group:00000000 wm4._timeval.h.30.0e8bfd94e85db17dda3286ee81496fe6
                           .group:00000000 wm4.timespec.h.41.d855182eb0e690443ab8651bcedca6e1
                           .group:00000000 wm4.select.h.30.bbece7fa40993a78092dcc5805132560
                           .group:00000000 wm4.types.h.69.ed3eae3cf73030a737515151ebcab7a1
                           .group:00000000 wm4.stdio.h.2.4aa87247282eca6c8f36f9de33d8df1a
                           .group:00000000 wm4.stdio.h.81.8188691c2279eac7a223caa50f6694b9
                           .group:00000000 wm4.stdlib.h.13.4ed386f5c1a80d71e72172885d946ef2
                           .group:00000000 wm4.alloca.h.8.dfc0c703c47ec3e69746825b17d9e66d
                           .group:00000000 wm4.stdlib.h.56.d4493cd3736e51e9d56335045f26df45
                           .group:00000000 wm4.reent.h.91.b3ea049ebc5486622b61409b78486f84
                           .group:00000000 wm4._default_fcntl.h.6.b13d56891b95175b639f824a0fd1ed77
                           .group:00000000 wm4.time.h.8.db4619001f026d0b4874c029fef0e91f
                           .group:00000000 wm4.time.h.2.4581ce0ffb6627cfc02162c94bf846c9
                           .group:00000000 wm4.time.h.25.0e6a0fdbc9955f5707ed54246ed2e089
                           .group:00000000 wm4.time.h.162.d096f2f5887c52e271c4dc33d795dc64
                           .group:00000000 wm4.stat.h.71.d65ac61ff88c651e198008cfb38bda9c
                           .group:00000000 wm4.fcntl.h.9.9336f33d7f5028f694c75e6e224e0cf7
                           .group:00000000 wm4.driver.h.34.180df73e0731406f5e50150641059ede
                           .group:00000000 wm4.r_devlink_wrapper.h.70.7c1584c2697f3b1858aea58c7b3e40d4
                           .group:00000000 wm4.r_rza2_scifa_lld_cfg.h.36.61e814bf2acbefb3a77603b0f9c69f70
                           .group:00000000 wm4.r_rza2_scifa_lld_api.h.40.f15aca924d8f4510909a605ba9e2cfc9
                           .group:00000000 wm4.r_intc_lld_rza2m.h.35.3d9677ac15ad6ee277be59de3e3c1590
                           .group:00000000 wm4.r_rza2_scifa_lld.h.43.14924534f2a1ea5a2c6faa4d9ad3aee1
                           .group:00000000 wm4.r_scifa_drv_api.h.86.4a1a472a789b5a6ece99522cdc88f0f4
                           .group:00000000 wm4.adc_iodefine.h.29.14c6f50dce37432a7d004e4b1ce33da7
                           .group:00000000 wm4.bsc_iodefine.h.29.9281d1f3639266933964d6d0c2d42c4f
                           .group:00000000 wm4.ceu_iodefine.h.29.2a669d0b46fdde030a50db9e3c307fbf
                           .group:00000000 wm4.cpg_iodefine.h.29.d6fdc9cb4798723afd88b251d64c2ce2
                           .group:00000000 wm4.csi2link_iodefine.h.29.221c4531636a409f24d307b16341ada8
                           .group:00000000 wm4.dmac_iodefine.h.29.578fccc2cc1da886ec95a029bf874f01
                           .group:00000000 wm4.drpk_iodefine.h.29.580eb8588a2b2d43d2726fbe791e513f
                           .group:00000000 wm4.drw_iodefine.h.29.df30f4a4a34a79f6a86c4df91353dffe
                           .group:00000000 wm4.edmac_iodefine.h.29.33e8759349004a722f42f5429c1353f6
                           .group:00000000 wm4.eptpc_iodefine.h.29.74d8f9fab0f5549b56097fb9e937dde8
                           .group:00000000 wm4.etherc_iodefine.h.29.14602750383a574f1c21f994ad33a366
                           .group:00000000 wm4.gpio_iodefine.h.29.3d0b021c56839cee4ae5149903684e4b
                           .group:00000000 wm4.gpt_iodefine.h.29.557ead75d7b0585b898d3898b64c7f87
                           .group:00000000 wm4.hyper_iodefine.h.29.000caadbb74d881e97db55b39b432154
                           .group:00000000 wm4.imr_iodefine.h.29.77c022f017e711c4d51cc0145db1dad3
                           .group:00000000 wm4.intc_iodefine.h.29.b68f5799a35a7495d63b4cd458e1ba57
                           .group:00000000 wm4.irda_iodefine.h.29.37e67bd2005173d68a74d1cc937d8444
                           .group:00000000 wm4.jcu_iodefine.h.29.3aca452908962e7a7ccf26164751feda
                           .group:00000000 wm4.lvds_iodefine.h.29.c11cbe1900e5209c8dcc76c2336c16bc
                           .group:00000000 wm4.mtu_iodefine.h.29.5498fb974bb53caf05aa143c2deec781
                           .group:00000000 wm4.nandc_iodefine.h.29.e0b343306750f017ee86e169ad98efe9
                           .group:00000000 wm4.octa_iodefine.h.29.4cb0d62e4b9633e173858000dc1c626c
                           .group:00000000 wm4.ostm_iodefine.h.29.6914f7e330a1cf0008b34219adcdfed4
                           .group:00000000 wm4.pl_iodefine.h.29.abbb6d725aed990aa8343242bfe31416
                           .group:00000000 wm4.pmg_iodefine.h.29.8bcfbc4771a6f9b7dd4d6f504427219e
                           .group:00000000 wm4.poeg_iodefine.h.29.0d8e258d10986260cbc70cfb8c0ef273
                           .group:00000000 wm4.poe_iodefine.h.29.fe74e55e7b6b4afbe3596c74ba035e98
                           .group:00000000 wm4.prr_iodefine.h.29.c1f15576f7a27b9c83aa3b40f5b2f988
                           .group:00000000 wm4.ptpedmac_iodefine.h.29.cd24a93374ce35cebc41e26889d619ef
                           .group:00000000 wm4.rcanfd_iodefine.h.29.532dd48b82fcb61d63538aba4b6f1289
                           .group:00000000 wm4.rcan_iodefine.h.29.a47a89db1b35c12b54af48fa1956acba
                           .group:00000000 wm4.riic_iodefine.h.29.f96943d49800d297612c4af3bba5c943
                           .group:00000000 wm4.rspi_iodefine.h.29.7efa041fe34a7d27db66a7b337879dfe
                           .group:00000000 wm4.rtc_iodefine.h.29.6dc76be5ca3df69cecb5a81d06cc46b5
                           .group:00000000 wm4.scifa_iodefine.h.29.b04ccd664d71baaf31c75761c45b9c4d
                           .group:00000000 wm4.scim_iodefine.h.29.87d0760abf94446b00d826c797bf0ff2
                           .group:00000000 wm4.sdmmc_iodefine.h.29.e67e9815445e8057a3262d1566bea0db
                           .group:00000000 wm4.spdif_iodefine.h.29.59f5d70150fa200a4d8ee50be1ee34c8
                           .group:00000000 wm4.spibsc_iodefine.h.29.f4930f8b8da1140200204513a363c76f
                           .group:00000000 wm4.sprite_iodefine.h.29.55796d1fa083a2457fea4ece974a192e
                           .group:00000000 wm4.ssif_iodefine.h.29.054ec6d95f487f631f16aee39c85c47a
                           .group:00000000 wm4.usb_iodefine.h.29.6dc44ea388ba227e8fdcfb33c315887b
                           .group:00000000 wm4.vdc_iodefine.h.29.db282ded1f052d8567fbbd3b61ce8f7a
                           .group:00000000 wm4.vin_iodefine.h.29.9b392e5601347d53e64be3272934e170
                           .group:00000000 wm4.wdt_iodefine.h.29.ed07bb44b797072f8c28b41c64fdca30
                           .group:00000000 wm4.r_gpio_lld_rza2m.h.35.fd76d0816769697a06dd6f4a61c03021
                           .group:00000000 wm4.r_gpio_drv_api.h.82.9514441e942567d0eb0b23efaff62239
                           .group:00000000 wm4.r_os_abstraction_api.h.52.0a236ebd862fe9ea15cb48eccaec65a1

UNDEFINED SYMBOLS
R_SCIFA_GetVersion
R_SCIFA_GetChannel
r_scifa_hld_prv_set_config
r_scifa_hld_prv_get_config
r_scifa_hld_dma_read_abort
r_scifa_hld_dma_write_abort
r_scifa_hld_dma_read_next
r_scifa_hld_dma_write_next
r_scifa_hld_tx_flush
printf
r_scifa_hld_prv_write
r_scifa_hld_prv_read
r_scifa_hld_prv_close
r_scifa_hld_prv_open
