   1              		.cpu cortex-a9
   2              		.eabi_attribute 28, 1
   3              		.eabi_attribute 20, 1
   4              		.eabi_attribute 21, 1
   5              		.eabi_attribute 23, 3
   6              		.eabi_attribute 24, 1
   7              		.eabi_attribute 25, 1
   8              		.eabi_attribute 26, 1
   9              		.eabi_attribute 30, 1
  10              		.eabi_attribute 34, 0
  11              		.eabi_attribute 18, 4
  12              		.file	"_exit.c"
  13              		.text
  14              	.Ltext0:
  15              		.cfi_sections	.debug_frame
  16              		.section	.text._exit,"ax",%progbits
  17              		.align	2
  18              		.global	_exit
  19              		.syntax unified
  20              		.arm
  21              		.fpu neon
  23              	_exit:
  24              	.LFB0:
  25              		.file 1 "../generate/compiler/init/_exit.c"
   1:../generate/compiler/init/_exit.c **** /*******************************************************************************
   2:../generate/compiler/init/_exit.c **** * DISCLAIMER
   3:../generate/compiler/init/_exit.c **** * This software is supplied by Renesas Electronics Corporation and is only
   4:../generate/compiler/init/_exit.c **** * intended for use with Renesas products. No other uses are authorized. This
   5:../generate/compiler/init/_exit.c **** * software is owned by Renesas Electronics Corporation and is protected under
   6:../generate/compiler/init/_exit.c **** * all applicable laws, including copyright laws.
   7:../generate/compiler/init/_exit.c **** * THIS SOFTWARE IS PROVIDED "AS IS" AND RENESAS MAKES NO WARRANTIES REGARDING
   8:../generate/compiler/init/_exit.c **** * THIS SOFTWARE, WHETHER EXPRESS, IMPLIED OR STATUTORY, INCLUDING BUT NOT
   9:../generate/compiler/init/_exit.c **** * LIMITED TO WARRANTIES OF MERCHANTABILITY, FITNESS FOR A PARTICULAR PURPOSE
  10:../generate/compiler/init/_exit.c **** * AND NON-INFRINGEMENT. ALL SUCH WARRANTIES ARE EXPRESSLY DISCLAIMED.
  11:../generate/compiler/init/_exit.c **** * TO THE MAXIMUM EXTENT PERMITTED NOT PROHIBITED BY LAW, NEITHER RENESAS
  12:../generate/compiler/init/_exit.c **** * ELECTRONICS CORPORATION NOR ANY OF ITS AFFILIATED COMPANIES SHALL BE LIABLE
  13:../generate/compiler/init/_exit.c **** * FOR ANY DIRECT, INDIRECT, SPECIAL, INCIDENTAL OR CONSEQUENTIAL DAMAGES FOR
  14:../generate/compiler/init/_exit.c **** * ANY REASON RELATED TO THIS SOFTWARE, EVEN IF RENESAS OR ITS AFFILIATES HAVE
  15:../generate/compiler/init/_exit.c **** * BEEN ADVISED OF THE POSSIBILITY OF SUCH DAMAGES.
  16:../generate/compiler/init/_exit.c **** * Renesas reserves the right, without notice, to make changes to this software
  17:../generate/compiler/init/_exit.c **** * and to discontinue the availability of this software. By using this software,
  18:../generate/compiler/init/_exit.c **** * you agree to the additional terms and conditions found by accessing the
  19:../generate/compiler/init/_exit.c **** * following link:
  20:../generate/compiler/init/_exit.c **** * http://www.renesas.com/disclaimer
  21:../generate/compiler/init/_exit.c **** * Copyright (C) 2017 Renesas Electronics Corporation. All rights reserved.
  22:../generate/compiler/init/_exit.c **** *******************************************************************************/
  23:../generate/compiler/init/_exit.c **** /*******************************************************************************
  24:../generate/compiler/init/_exit.c **** * File Name : _exit.c
  25:../generate/compiler/init/_exit.c **** * Description :
  26:../generate/compiler/init/_exit.c **** ******************************************************************************/
  27:../generate/compiler/init/_exit.c **** #include <_ansi.h>
  28:../generate/compiler/init/_exit.c **** 
  29:../generate/compiler/init/_exit.c **** void _exit(int status);
  30:../generate/compiler/init/_exit.c **** 
  31:../generate/compiler/init/_exit.c **** void _exit(int status)
  32:../generate/compiler/init/_exit.c **** {
  26              		.loc 1 32 0
  27              		.cfi_startproc
  28              		@ Volatile: function does not return.
  29              		@ args = 0, pretend = 0, frame = 0
  30              		@ frame_needed = 0, uses_anonymous_args = 0
  31              		@ link register save eliminated.
  32              	.LVL0:
  33              	.L2:
  34 0000 FEFFFFEA 		b	.L2
  35              		.cfi_endproc
  36              	.LFE0:
  38              		.text
  39              	.Letext0:
DEFINED SYMBOLS
                            *ABS*:00000000 _exit.c
C:\Users\tle\AppData\Local\Temp\ccBm5OdO.s:17     .text._exit:00000000 $a
C:\Users\tle\AppData\Local\Temp\ccBm5OdO.s:23     .text._exit:00000000 _exit
                     .debug_frame:00000010 $d
                           .group:00000000 wm4.0.14fc17be114e5a2cba0959c511ea2aaf
                           .group:00000000 wm4._newlib_version.h.4.3572908597b70d672d181fc7fc501c19
                           .group:00000000 wm4.newlib.h.21.59901f4bf241ab46c63694665baa7297
                           .group:00000000 wm4.features.h.22.5cdadbb3efe495d1c9e38350b8c376c7
                           .group:00000000 wm4.config.h.219.65a553ab5bef5482f0d7880b0d33015e
                           .group:00000000 wm4._ansi.h.23.9f8fcfa20193763fcf364fb91705c94b

NO UNDEFINED SYMBOLS
